[2023-02-19 09:41:08] laravel.EMERGENCY: Unable to create configured logger. Using emergency logger. {"exception":"[object] (InvalidArgumentException(code: 0): Log [] is not defined. at /Users/penoplavaan/projects/my/example-app/vendor/laravel/framework/src/Illuminate/Log/LogManager.php:210)
[stacktrace]
#0 /Users/penoplavaan/projects/my/example-app/vendor/laravel/framework/src/Illuminate/Log/LogManager.php(135): Illuminate\\Log\\LogManager->resolve(NULL, NULL)
#1 /Users/penoplavaan/projects/my/example-app/vendor/laravel/framework/src/Illuminate/Log/LogManager.php(122): Illuminate\\Log\\LogManager->get(NULL)
#2 /Users/penoplavaan/projects/my/example-app/vendor/laravel/framework/src/Illuminate/Log/LogManager.php(645): Illuminate\\Log\\LogManager->driver()
#3 /Users/penoplavaan/projects/my/example-app/vendor/laravel/framework/src/Illuminate/Foundation/Exceptions/Handler.php(274): Illuminate\\Log\\LogManager->error('The \"\" director...', Array)
#4 /Users/penoplavaan/projects/my/example-app/vendor/laravel/framework/src/Illuminate/Foundation/Console/Kernel.php(454): Illuminate\\Foundation\\Exceptions\\Handler->report(Object(Symfony\\Component\\Finder\\Exception\\DirectoryNotFoundException))
#5 /Users/penoplavaan/projects/my/example-app/vendor/laravel/framework/src/Illuminate/Foundation/Console/Kernel.php(157): Illuminate\\Foundation\\Console\\Kernel->reportException(Object(Symfony\\Component\\Finder\\Exception\\DirectoryNotFoundException))
#6 /Users/penoplavaan/projects/my/example-app/artisan(35): Illuminate\\Foundation\\Console\\Kernel->handle(Object(Symfony\\Component\\Console\\Input\\ArgvInput), Object(Symfony\\Component\\Console\\Output\\ConsoleOutput))
#7 {main}
"} 
[2023-02-19 09:41:08] laravel.ERROR: The "" directory does not exist. {"exception":"[object] (Symfony\\Component\\Finder\\Exception\\DirectoryNotFoundException(code: 0): The \"\" directory does not exist. at /Users/penoplavaan/projects/my/example-app/vendor/symfony/finder/Finder.php:638)
[stacktrace]
#0 /Users/penoplavaan/projects/my/example-app/vendor/laravel/framework/src/Illuminate/Foundation/Bootstrap/LoadConfiguration.php(86): Symfony\\Component\\Finder\\Finder->in('')
#1 /Users/penoplavaan/projects/my/example-app/vendor/laravel/framework/src/Illuminate/Foundation/Bootstrap/LoadConfiguration.php(63): Illuminate\\Foundation\\Bootstrap\\LoadConfiguration->getConfigurationFiles(Object(Illuminate\\Foundation\\Application))
#2 /Users/penoplavaan/projects/my/example-app/vendor/laravel/framework/src/Illuminate/Foundation/Bootstrap/LoadConfiguration.php(39): Illuminate\\Foundation\\Bootstrap\\LoadConfiguration->loadConfigurationFiles(Object(Illuminate\\Foundation\\Application), Object(Illuminate\\Config\\Repository))
#3 /Users/penoplavaan/projects/my/example-app/vendor/laravel/framework/src/Illuminate/Foundation/Application.php(242): Illuminate\\Foundation\\Bootstrap\\LoadConfiguration->bootstrap(Object(Illuminate\\Foundation\\Application))
#4 /Users/penoplavaan/projects/my/example-app/vendor/laravel/framework/src/Illuminate/Foundation/Console/Kernel.php(383): Illuminate\\Foundation\\Application->bootstrapWith(Array)
#5 /Users/penoplavaan/projects/my/example-app/vendor/laravel/framework/src/Illuminate/Foundation/Console/Kernel.php(153): Illuminate\\Foundation\\Console\\Kernel->bootstrap()
#6 /Users/penoplavaan/projects/my/example-app/artisan(35): Illuminate\\Foundation\\Console\\Kernel->handle(Object(Symfony\\Component\\Console\\Input\\ArgvInput), Object(Symfony\\Component\\Console\\Output\\ConsoleOutput))
#7 {main}
"} 
